Using pre-set license
Built from '2020.3/staging' branch; Version is '2020.3.26f1 (7298b473bc1a) revision 7510196'; Using compiler version '192528614'; Build Type 'Release'
OS: 'Windows 10  (10.0.19042) 64bit Enterprise' Language: 'en' Physical Memory: 32669 MB
BatchMode: 1, IsHumanControllingUs: 0, StartBugReporterOnCrash: 0, Is64bit: 1, IsPro: 0

COMMAND LINE ARGUMENTS:
D:\Program Files\Unity\2020.3.26f1\Editor\Unity.exe
-adb2
-batchMode
-noUpm
-name
AssetImportWorker0
-projectPath
D:/Students/Yaoyuan Zhang/11/Space/SpaceSHUMP-unity
-logFile
Logs/AssetImportWorker0.log
-srvPort
60170
Successfully changed project path to: D:/Students/Yaoyuan Zhang/11/Space/SpaceSHUMP-unity
D:/Students/Yaoyuan Zhang/11/Space/SpaceSHUMP-unity
Using Asset Import Pipeline V2.
Refreshing native plugins compatible for Editor in 27.86 ms, found 2 plugins.
Preloading 0 native plugins for Editor in 0.00 ms.
Initialize engine version: 2020.3.26f1 (7298b473bc1a)
[Subsystems] Discovering subsystems at path D:/Program Files/Unity/2020.3.26f1/Editor/Data/Resources/UnitySubsystems
[Subsystems] Discovering subsystems at path D:/Students/Yaoyuan Zhang/11/Space/SpaceSHUMP-unity/Assets
GfxDevice: creating device client; threaded=0
Direct3D:
    Version:  Direct3D 11.0 [level 11.1]
    Renderer: NVIDIA GeForce GTX 1080 (ID=0x1b80)
    Vendor:   
    VRAM:     8079 MB
    Driver:   30.0.15.1123
Initialize mono
Mono path[0] = 'D:/Program Files/Unity/2020.3.26f1/Editor/Data/Managed'
Mono path[1] = 'D:/Program Files/Unity/2020.3.26f1/Editor/Data/MonoBleedingEdge/lib/mono/unityjit'
Mono config path = 'D:/Program Files/Unity/2020.3.26f1/Editor/Data/MonoBleedingEdge/etc'
Using monoOptions --debugger-agent=transport=dt_socket,embedding=1,server=y,suspend=n,address=127.0.0.1:56232
Begin MonoManager ReloadAssembly
Registering precompiled unity dll's ...
Register platform support module: D:/Program Files/Unity/2020.3.26f1/Editor/Data/PlaybackEngines/WebGLSupport/UnityEditor.WebGL.Extensions.dll
Register platform support module: D:/Program Files/Unity/2020.3.26f1/Editor/Data/PlaybackEngines/WindowsStandaloneSupport/UnityEditor.WindowsStandalone.Extensions.dll
Registered in 0.001394 seconds.
Native extension for WindowsStandalone target not found
Native extension for WebGL target not found
Refreshing native plugins compatible for Editor in 26.86 ms, found 2 plugins.
Preloading 0 native plugins for Editor in 0.00 ms.
Mono: successfully reloaded assembly
- Completed reload, in  0.510 seconds
Domain Reload Profiling:
	ReloadAssembly (510ms)
		BeginReloadAssembly (50ms)
			ExecutionOrderSort (0ms)
			DisableScriptedObjects (0ms)
			BackupInstance (0ms)
			ReleaseScriptingObjects (0ms)
			CreateAndSetChildDomain (1ms)
		EndReloadAssembly (398ms)
			LoadAssemblies (49ms)
			RebuildTransferFunctionScriptingTraits (0ms)
			SetupTypeCache (138ms)
			ReleaseScriptCaches (0ms)
			RebuildScriptCaches (27ms)
			SetupLoadedEditorAssemblies (142ms)
				LogAssemblyErrors (0ms)
				InitializePlatformSupportModulesInManaged (4ms)
				SetLoadedEditorAssemblies (0ms)
				RefreshPlugins (27ms)
				BeforeProcessingInitializeOnLoad (15ms)
				ProcessInitializeOnLoadAttributes (71ms)
				ProcessInitializeOnLoadMethodAttributes (25ms)
				AfterProcessingInitializeOnLoad (0ms)
				EditorAssembliesLoaded (0ms)
			ExecutionOrderSort2 (0ms)
			AwakeInstancesAfterBackupRestoration (0ms)
Platform modules already initialized, skipping
Registering precompiled user dll's ...
Registered in 0.003308 seconds.
Begin MonoManager ReloadAssembly
Native extension for WindowsStandalone target not found
Native extension for WebGL target not found
Refreshing native plugins compatible for Editor in 0.32 ms, found 2 plugins.
Preloading 0 native plugins for Editor in 0.00 ms.
Mono: successfully reloaded assembly
- Completed reload, in  0.884 seconds
Domain Reload Profiling:
	ReloadAssembly (884ms)
		BeginReloadAssembly (127ms)
			ExecutionOrderSort (0ms)
			DisableScriptedObjects (4ms)
			BackupInstance (0ms)
			ReleaseScriptingObjects (0ms)
			CreateAndSetChildDomain (18ms)
		EndReloadAssembly (707ms)
			LoadAssemblies (74ms)
			RebuildTransferFunctionScriptingTraits (0ms)
			SetupTypeCache (252ms)
			ReleaseScriptCaches (0ms)
			RebuildScriptCaches (37ms)
			SetupLoadedEditorAssemblies (266ms)
				LogAssemblyErrors (0ms)
				InitializePlatformSupportModulesInManaged (5ms)
				SetLoadedEditorAssemblies (0ms)
				RefreshPlugins (0ms)
				BeforeProcessingInitializeOnLoad (68ms)
				ProcessInitializeOnLoadAttributes (183ms)
				ProcessInitializeOnLoadMethodAttributes (8ms)
				AfterProcessingInitializeOnLoad (2ms)
				EditorAssembliesLoaded (0ms)
			ExecutionOrderSort2 (0ms)
			AwakeInstancesAfterBackupRestoration (5ms)
Platform modules already initialized, skipping
========================================================================
Worker process is ready to serve import requests
Launched and connected shader compiler UnityShaderCompiler.exe after 0.05 seconds
Refreshing native plugins compatible for Editor in 0.32 ms, found 2 plugins.
Preloading 0 native plugins for Editor in 0.00 ms.
Unloading 1512 Unused Serialized files (Serialized files now loaded: 0)
System memory in use before: 68.8 MB.
System memory in use after: 68.9 MB.

Unloading 19 unused Assets to reduce memory usage. Loaded Objects now: 1944.
Total: 2.752900 ms (FindLiveObjects: 0.135900 ms CreateObjectMapping: 0.057800 ms MarkObjects: 2.486900 ms  DeleteObjects: 0.071400 ms)

AssetImportParameters requested are different than current active one (requested -> active):
  custom:framework-win-MediaFoundation: 216162199b28c13a410421893ffa2e32 -> 
  custom:video-decoder-ogg-theora: a1e56fd34408186e4bbccfd4996cb3dc -> 
  custom:container-muxer-webm: aa71ff27fc2769a1b78a27578f13a17b -> 
  custom:container-demuxer-webm: 4f35f7cbe854078d1ac9338744f61a02 -> 
  custom:container-demuxer-ogg: 62fdf1f143b41e24485cea50d1cbac27 -> 
  custom:video-encoder-webm-vp8: eb34c28f22e8b96e1ab97ce403110664 -> 
  custom:video-decoder-webm-vp8: 9c59270c3fd7afecdb556c50c9e8de78 -> 
  custom:audio-decoder-ogg-vorbis: bf7c407c2cedff20999df2af8eb42d56 -> 
  custom:audio-encoder-webm-vorbis: bf7c407c2cedff20999df2af8eb42d56 -> 
========================================================================
Received Import Request.
  path: Assets/Settings
  artifactKey: Guid(4caa879b2052d074db87793024e67e60) Importer(815301076,1909f56bfc062723c751e8b465ee728b)
Start importing Assets/Settings using Guid(4caa879b2052d074db87793024e67e60) Importer(815301076,1909f56bfc062723c751e8b465ee728b)  -> (artifact id: '2aee72f6a99c58415bc34c7605a8d5c7') in 0.010408 seconds 
  Import took 0.012616 seconds .

========================================================================
Received Import Request.
  Time since last request: 14.307467 seconds.
  path: Assets/Scenes
  artifactKey: Guid(ddf10069bff71c74fa0e0b1c97e03de9) Importer(815301076,1909f56bfc062723c751e8b465ee728b)
Start importing Assets/Scenes using Guid(ddf10069bff71c74fa0e0b1c97e03de9) Importer(815301076,1909f56bfc062723c751e8b465ee728b)  -> (artifact id: 'f6b0ed07a6b00017d41a5dae98ded917') in 0.009101 seconds 
  Import took 0.011252 seconds .

========================================================================
Received Import Request.
  Time since last request: 1.511159 seconds.
  path: Assets/Scenes/SampleScene.unity
  artifactKey: Guid(9fc0d4010bbf28b4594072e72b8655ab) Importer(815301076,1909f56bfc062723c751e8b465ee728b)
Start importing Assets/Scenes/SampleScene.unity using Guid(9fc0d4010bbf28b4594072e72b8655ab) Importer(815301076,1909f56bfc062723c751e8b465ee728b)  -> (artifact id: '85059f4f9e1a832ed95adaa0d25c5c4c') in 0.016133 seconds 
  Import took 0.018274 seconds .

========================================================================
Received Import Request.
  Time since last request: 3.451339 seconds.
  path: Assets/Scenes/Menu Scenes
  artifactKey: Guid(766ccc69a727dec4c9d02343f386aef6) Importer(815301076,1909f56bfc062723c751e8b465ee728b)
Start importing Assets/Scenes/Menu Scenes using Guid(766ccc69a727dec4c9d02343f386aef6) Importer(815301076,1909f56bfc062723c751e8b465ee728b)  -> (artifact id: 'adae3547078940519a801399d4ec999b') in 0.008469 seconds 
  Import took 0.010929 seconds .

========================================================================
Received Import Request.
  Time since last request: 1.676804 seconds.
  path: Assets/Scenes/Game Scenes
  artifactKey: Guid(de6cf176673a8c149ba851c37add6e24) Importer(815301076,1909f56bfc062723c751e8b465ee728b)
Start importing Assets/Scenes/Game Scenes using Guid(de6cf176673a8c149ba851c37add6e24) Importer(815301076,1909f56bfc062723c751e8b465ee728b)  -> (artifact id: 'f9cd3dfeb6fd0ae9c11451d4bb7dff99') in 0.007227 seconds 
  Import took 0.009610 seconds .

========================================================================
Received Import Request.
  Time since last request: 3.230614 seconds.
  path: Assets/Scenes/Menu Scenes/start_scene.unity
  artifactKey: Guid(950eb5b64988172409c245cf5588095e) Importer(815301076,1909f56bfc062723c751e8b465ee728b)
Start importing Assets/Scenes/Menu Scenes/start_scene.unity using Guid(950eb5b64988172409c245cf5588095e) Importer(815301076,1909f56bfc062723c751e8b465ee728b)  -> (artifact id: 'e15c98f8ec5e9aafdff31d1b5161070b') in 0.007421 seconds 
  Import took 0.009970 seconds .

========================================================================
Received Import Request.
  Time since last request: 28.597858 seconds.
  path: Assets/Scenes/Menu Scenes/end_scene.unity
  artifactKey: Guid(bc32eb117b0fba6428d47afd7e20af10) Importer(815301076,1909f56bfc062723c751e8b465ee728b)
Start importing Assets/Scenes/Menu Scenes/end_scene.unity using Guid(bc32eb117b0fba6428d47afd7e20af10) Importer(815301076,1909f56bfc062723c751e8b465ee728b)  -> (artifact id: '982f1f7e0f58680647eddf2a92fc6fe7') in 0.006725 seconds 
  Import took 0.008901 seconds .

========================================================================
Received Import Request.
  Time since last request: 2.038916 seconds.
  path: Assets/Scenes/Game Scenes/level_00.unity
  artifactKey: Guid(f2f5e37e45baba04ca7bcc45ebbf22e4) Importer(815301076,1909f56bfc062723c751e8b465ee728b)
Start importing Assets/Scenes/Game Scenes/level_00.unity using Guid(f2f5e37e45baba04ca7bcc45ebbf22e4) Importer(815301076,1909f56bfc062723c751e8b465ee728b)  -> (artifact id: '1a4786e6e465122e57eb62e4a3148292') in 0.006309 seconds 
  Import took 0.008554 seconds .

========================================================================
Received Import Request.
  Time since last request: 2.263382 seconds.
  path: Assets/Scenes/Game Scenes/level_01.unity
  artifactKey: Guid(99920b949492d584eaec0ad3ad06d1a1) Importer(815301076,1909f56bfc062723c751e8b465ee728b)
Start importing Assets/Scenes/Game Scenes/level_01.unity using Guid(99920b949492d584eaec0ad3ad06d1a1) Importer(815301076,1909f56bfc062723c751e8b465ee728b)  -> (artifact id: '15fa261b8bbd178cd93b7a9cce355f74') in 0.006669 seconds 
  Import took 0.008901 seconds .

========================================================================
Received Import Request.
  Time since last request: 72.987018 seconds.
  path: Assets/Prefabs/Enemy-0.prefab
  artifactKey: Guid(8e6238450fa42f744a0425c35f41e659) Importer(815301076,1909f56bfc062723c751e8b465ee728b)
Start importing Assets/Prefabs/Enemy-0.prefab using Guid(8e6238450fa42f744a0425c35f41e659) Importer(815301076,1909f56bfc062723c751e8b465ee728b)  -> (artifact id: '87685931588c5252a742bbfa713b977e') in 0.085015 seconds 
  Import took 0.087558 seconds .

========================================================================
Received Import Request.
  Time since last request: 1.450408 seconds.
  path: Assets/Prefabs/PlayerShip.prefab
  artifactKey: Guid(a4c6588e02bf0e346b6784d1092bb7af) Importer(815301076,1909f56bfc062723c751e8b465ee728b)
Start importing Assets/Prefabs/PlayerShip.prefab using Guid(a4c6588e02bf0e346b6784d1092bb7af) Importer(815301076,1909f56bfc062723c751e8b465ee728b)  -> (artifact id: '4db3ed8809ba4f91e5cc169786ec3334') in 0.018830 seconds 
  Import took 0.021262 seconds .

========================================================================
Received Import Request.
  Time since last request: 8.589466 seconds.
  path: Assets/Materials
  artifactKey: Guid(27f5b7b86ec72524189628b7a6f8d2de) Importer(815301076,1909f56bfc062723c751e8b465ee728b)
Start importing Assets/Materials using Guid(27f5b7b86ec72524189628b7a6f8d2de) Importer(815301076,1909f56bfc062723c751e8b465ee728b)  -> (artifact id: '840b18b1575ed11d6428585c31a8a517') in 0.006753 seconds 
  Import took 0.009140 seconds .

========================================================================
Received Import Request.
  Time since last request: 1.326602 seconds.
  path: Assets/Galaxia Sprite Pack #1
  artifactKey: Guid(457574f66127d5e4abfa2c3947d8f752) Importer(815301076,1909f56bfc062723c751e8b465ee728b)
Start importing Assets/Galaxia Sprite Pack #1 using Guid(457574f66127d5e4abfa2c3947d8f752) Importer(815301076,1909f56bfc062723c751e8b465ee728b)  -> (artifact id: '246567ec65b6db964bffa454aa3b0fc2') in 0.006900 seconds 
  Import took 0.009497 seconds .

========================================================================
Received Import Request.
  Time since last request: 0.990638 seconds.
  path: Assets/DinV
  artifactKey: Guid(a3e1739368426da4494ccae5c50acc18) Importer(815301076,1909f56bfc062723c751e8b465ee728b)
Start importing Assets/DinV using Guid(a3e1739368426da4494ccae5c50acc18) Importer(815301076,1909f56bfc062723c751e8b465ee728b)  -> (artifact id: '407c03a71b56582db1f718e44025d17a') in 0.006020 seconds 
  Import took 0.008502 seconds .

========================================================================
Received Import Request.
  Time since last request: 541.908896 seconds.
  path: Assets/Scripts/Hero.cs
  artifactKey: Guid(b7f82ed2dda81f540a84d5371ebe4bc4) Importer(815301076,1909f56bfc062723c751e8b465ee728b)
Start importing Assets/Scripts/Hero.cs using Guid(b7f82ed2dda81f540a84d5371ebe4bc4) Importer(815301076,1909f56bfc062723c751e8b465ee728b)  -> (artifact id: '9672f7be72b10acbc54231429d1e38d6') in 0.016203 seconds 
  Import took 0.018780 seconds .

========================================================================
Received Prepare
Registering precompiled user dll's ...
Registered in 0.604383 seconds.
Begin MonoManager ReloadAssembly
Native extension for WindowsStandalone target not found
Native extension for WebGL target not found
Refreshing native plugins compatible for Editor in 0.31 ms, found 2 plugins.
Preloading 0 native plugins for Editor in 0.00 ms.
Mono: successfully reloaded assembly
- Completed reload, in  5.613 seconds
Domain Reload Profiling:
	ReloadAssembly (5614ms)
		BeginReloadAssembly (2285ms)
			ExecutionOrderSort (0ms)
			DisableScriptedObjects (4ms)
			BackupInstance (0ms)
			ReleaseScriptingObjects (0ms)
			CreateAndSetChildDomain (33ms)
		EndReloadAssembly (3279ms)
			LoadAssemblies (3519ms)
			RebuildTransferFunctionScriptingTraits (0ms)
			SetupTypeCache (929ms)
			ReleaseScriptCaches (1ms)
			RebuildScriptCaches (35ms)
			SetupLoadedEditorAssemblies (892ms)
				LogAssemblyErrors (0ms)
				InitializePlatformSupportModulesInManaged (4ms)
				SetLoadedEditorAssemblies (0ms)
				RefreshPlugins (0ms)
				BeforeProcessingInitializeOnLoad (58ms)
				ProcessInitializeOnLoadAttributes (264ms)
				ProcessInitializeOnLoadMethodAttributes (562ms)
				AfterProcessingInitializeOnLoad (2ms)
				EditorAssembliesLoaded (0ms)
			ExecutionOrderSort2 (0ms)
			AwakeInstancesAfterBackupRestoration (6ms)
Platform modules already initialized, skipping
Refreshing native plugins compatible for Editor in 0.33 ms, found 2 plugins.
Preloading 0 native plugins for Editor in 0.00 ms.
Unloading 1506 Unused Serialized files (Serialized files now loaded: 0)
System memory in use before: 71.9 MB.
System memory in use after: 72.0 MB.

Unloading 14 unused Assets to reduce memory usage. Loaded Objects now: 1954.
Total: 2.296400 ms (FindLiveObjects: 0.118000 ms CreateObjectMapping: 0.036800 ms MarkObjects: 2.127400 ms  DeleteObjects: 0.013600 ms)

AssetImportParameters requested are different than current active one (requested -> active):
  custom:framework-win-MediaFoundation: 216162199b28c13a410421893ffa2e32 -> 
  custom:video-decoder-ogg-theora: a1e56fd34408186e4bbccfd4996cb3dc -> 
  custom:container-muxer-webm: aa71ff27fc2769a1b78a27578f13a17b -> 
  custom:container-demuxer-webm: 4f35f7cbe854078d1ac9338744f61a02 -> 
  custom:container-demuxer-ogg: 62fdf1f143b41e24485cea50d1cbac27 -> 
  custom:video-encoder-webm-vp8: eb34c28f22e8b96e1ab97ce403110664 -> 
  custom:video-decoder-webm-vp8: 9c59270c3fd7afecdb556c50c9e8de78 -> 
  custom:audio-decoder-ogg-vorbis: bf7c407c2cedff20999df2af8eb42d56 -> 
  custom:audio-encoder-webm-vorbis: bf7c407c2cedff20999df2af8eb42d56 -> 
========================================================================
Received Import Request.
  Time since last request: 1259.138401 seconds.
  path: Assets/Scripts/Enemy.cs
  artifactKey: Guid(854825ff5bbd59941bad7fb73e26f286) Importer(815301076,1909f56bfc062723c751e8b465ee728b)
Start importing Assets/Scripts/Enemy.cs using Guid(854825ff5bbd59941bad7fb73e26f286) Importer(815301076,1909f56bfc062723c751e8b465ee728b)  -> (artifact id: 'b12dd2e724799ea312db656190f0b903') in 0.009787 seconds 
  Import took 0.012445 seconds .

========================================================================
Received Import Request.
  Time since last request: 7.266750 seconds.
  path: Assets/Scripts/BoundsCheck.cs
  artifactKey: Guid(0b082cf26f371d44b8695fee60171eb5) Importer(815301076,1909f56bfc062723c751e8b465ee728b)
Start importing Assets/Scripts/BoundsCheck.cs using Guid(0b082cf26f371d44b8695fee60171eb5) Importer(815301076,1909f56bfc062723c751e8b465ee728b)  -> (artifact id: 'c4a65b9858151da6457255b974aaccc6') in 0.006987 seconds 
  Import took 0.009557 seconds .

========================================================================
Received Import Request.
  Time since last request: 955.920098 seconds.
  path: Assets/Scripts/Enemy.cs
  artifactKey: Guid(854825ff5bbd59941bad7fb73e26f286) Importer(815301076,1909f56bfc062723c751e8b465ee728b)
Start importing Assets/Scripts/Enemy.cs using Guid(854825ff5bbd59941bad7fb73e26f286) Importer(815301076,1909f56bfc062723c751e8b465ee728b)  -> (artifact id: '5cd770e0a4049a00f082ddb6a9e065ac') in 0.002660 seconds 
  Import took 0.005899 seconds .

